This file contains any messages produced by compilers while
running configure, to aid debugging if configure makes a mistake.

It was created by hidapi configure 0.8.0-rc1, which was
generated by GNU Autoconf 2.69.  Invocation command line was

  $ ./configure 

## --------- ##
## Platform. ##
## --------- ##

hostname = ideapad
uname -m = x86_64
uname -r = 4.0.0-040000-generic
uname -s = Linux
uname -v = #201504121935 SMP Sun Apr 12 23:36:33 UTC 2015

/usr/bin/uname -p = unknown
/bin/uname -X     = unknown

/bin/arch              = unknown
/usr/bin/arch -k       = unknown
/usr/convex/getsysinfo = unknown
/usr/bin/hostinfo      = unknown
/bin/machine           = unknown
/usr/bin/oslevel       = unknown
/bin/universe          = unknown

PATH: /usr/local/sbin
PATH: /usr/local/bin
PATH: /usr/sbin
PATH: /usr/bin
PATH: /sbin
PATH: /bin
PATH: /usr/games
PATH: /usr/local/games
PATH: /usr/lib/jvm/java-7-oracle/bin
PATH: /usr/lib/jvm/java-7-oracle/db/bin
PATH: /usr/lib/jvm/java-7-oracle/jre/bin
PATH: /code/sw/android-sdk-linux/tools
PATH: /code/sw/android-sdk-linux/platform-tools
PATH: /code/sw/android-studio/bin


## ----------- ##
## Core tests. ##
## ----------- ##

configure:2408: checking for a BSD-compatible install
configure:2476: result: /usr/bin/install -c
configure:2487: checking whether build environment is sane
configure:2542: result: yes
configure:2693: checking for a thread-safe mkdir -p
configure:2732: result: /bin/mkdir -p
configure:2739: checking for gawk
configure:2755: found /usr/bin/gawk
configure:2766: result: gawk
configure:2777: checking whether make sets $(MAKE)
configure:2799: result: yes
configure:2828: checking whether make supports nested variables
configure:2845: result: yes
configure:2985: checking for style of include used by make
configure:3013: result: GNU
configure:3084: checking for gcc
configure:3100: found /usr/bin/gcc
configure:3111: result: gcc
configure:3340: checking for C compiler version
configure:3349: gcc --version >&5
gcc (Ubuntu 4.9.1-16ubuntu6) 4.9.1
Copyright (C) 2014 Free Software Foundation, Inc.
This is free software; see the source for copying conditions.  There is NO
warranty; not even for MERCHANTABILITY or FITNESS FOR A PARTICULAR PURPOSE.

configure:3360: $? = 0
configure:3349: gcc -v >&5
Using built-in specs.
COLLECT_GCC=gcc
COLLECT_LTO_WRAPPER=/usr/lib/gcc/x86_64-linux-gnu/4.9/lto-wrapper
Target: x86_64-linux-gnu
Configured with: ../src/configure -v --with-pkgversion='Ubuntu 4.9.1-16ubuntu6' --with-bugurl=file:///usr/share/doc/gcc-4.9/README.Bugs --enable-languages=c,c++,java,go,d,fortran,objc,obj-c++ --prefix=/usr --program-suffix=-4.9 --enable-shared --enable-linker-build-id --libexecdir=/usr/lib --without-included-gettext --enable-threads=posix --with-gxx-include-dir=/usr/include/c++/4.9 --libdir=/usr/lib --enable-nls --with-sysroot=/ --enable-clocale=gnu --enable-libstdcxx-debug --enable-libstdcxx-time=yes --enable-gnu-unique-object --disable-vtable-verify --enable-plugin --with-system-zlib --disable-browser-plugin --enable-java-awt=gtk --enable-gtk-cairo --with-java-home=/usr/lib/jvm/java-1.5.0-gcj-4.9-amd64/jre --enable-java-home --with-jvm-root-dir=/usr/lib/jvm/java-1.5.0-gcj-4.9-amd64 --with-jvm-jar-dir=/usr/lib/jvm-exports/java-1.5.0-gcj-4.9-amd64 --with-arch-directory=amd64 --with-ecj-jar=/usr/share/java/eclipse-ecj.jar --enable-objc-gc --enable-multiarch --disable-werror --with-arch-32=i686 --with-abi=m64 --with-multilib-list=m32,m64,mx32 --enable-multilib --with-tune=generic --enable-checking=release --build=x86_64-linux-gnu --host=x86_64-linux-gnu --target=x86_64-linux-gnu
Thread model: posix
gcc version 4.9.1 (Ubuntu 4.9.1-16ubuntu6) 
configure:3360: $? = 0
configure:3349: gcc -V >&5
gcc: error: unrecognized command line option '-V'
gcc: fatal error: no input files
compilation terminated.
configure:3360: $? = 4
configure:3349: gcc -qversion >&5
gcc: error: unrecognized command line option '-qversion'
gcc: fatal error: no input files
compilation terminated.
configure:3360: $? = 4
configure:3380: checking whether the C compiler works
configure:3402: gcc    conftest.c  >&5
configure:3406: $? = 0
configure:3454: result: yes
configure:3457: checking for C compiler default output file name
configure:3459: result: a.out
configure:3465: checking for suffix of executables
configure:3472: gcc -o conftest    conftest.c  >&5
configure:3476: $? = 0
configure:3498: result: 
configure:3520: checking whether we are cross compiling
configure:3528: gcc -o conftest    conftest.c  >&5
configure:3532: $? = 0
configure:3539: ./conftest
configure:3543: $? = 0
configure:3558: result: no
configure:3563: checking for suffix of object files
configure:3585: gcc -c   conftest.c >&5
configure:3589: $? = 0
configure:3610: result: o
configure:3614: checking whether we are using the GNU C compiler
configure:3633: gcc -c   conftest.c >&5
configure:3633: $? = 0
configure:3642: result: yes
configure:3651: checking whether gcc accepts -g
configure:3671: gcc -c -g  conftest.c >&5
configure:3671: $? = 0
configure:3712: result: yes
configure:3729: checking for gcc option to accept ISO C89
configure:3792: gcc  -c -g -O2  conftest.c >&5
configure:3792: $? = 0
configure:3805: result: none needed
configure:3830: checking whether gcc understands -c and -o together
configure:3852: gcc -c conftest.c -o conftest2.o
configure:3855: $? = 0
configure:3852: gcc -c conftest.c -o conftest2.o
configure:3855: $? = 0
configure:3867: result: yes
configure:3886: checking dependency style of gcc
configure:3997: result: gcc3
configure:4062: checking for ar
configure:4078: found /usr/bin/ar
configure:4089: result: ar
configure:4115: checking the archiver (ar) interface
configure:4131: gcc -c -g -O2  conftest.c >&5
configure:4131: $? = 0
configure:4133: ar cru libconftest.a conftest.o >&5
configure:4136: $? = 0
configure:4164: result: ar
configure:4213: checking build system type
configure:4227: result: x86_64-unknown-linux-gnu
configure:4247: checking host system type
configure:4260: result: x86_64-unknown-linux-gnu
configure:4301: checking how to print strings
configure:4328: result: printf
configure:4349: checking for a sed that does not truncate output
configure:4413: result: /bin/sed
configure:4431: checking for grep that handles long lines and -e
configure:4489: result: /bin/grep
configure:4494: checking for egrep
configure:4556: result: /bin/grep -E
configure:4561: checking for fgrep
configure:4623: result: /bin/grep -F
configure:4658: checking for ld used by gcc
configure:4725: result: /usr/bin/ld
configure:4732: checking if the linker (/usr/bin/ld) is GNU ld
configure:4747: result: yes
configure:4759: checking for BSD- or MS-compatible name lister (nm)
configure:4808: result: /usr/bin/nm -B
configure:4938: checking the name lister (/usr/bin/nm -B) interface
configure:4945: gcc -c -g -O2  conftest.c >&5
configure:4948: /usr/bin/nm -B "conftest.o"
configure:4951: output
0000000000000000 B some_variable
configure:4958: result: BSD nm
configure:4961: checking whether ln -s works
configure:4965: result: yes
configure:4973: checking the maximum length of command line arguments
configure:5104: result: 1572864
configure:5121: checking whether the shell understands some XSI constructs
configure:5131: result: yes
configure:5135: checking whether the shell understands "+="
configure:5141: result: yes
configure:5176: checking how to convert x86_64-unknown-linux-gnu file names to x86_64-unknown-linux-gnu format
configure:5216: result: func_convert_file_noop
configure:5223: checking how to convert x86_64-unknown-linux-gnu file names to toolchain format
configure:5243: result: func_convert_file_noop
configure:5250: checking for /usr/bin/ld option to reload object files
configure:5257: result: -r
configure:5331: checking for objdump
configure:5347: found /usr/bin/objdump
configure:5358: result: objdump
configure:5390: checking how to recognize dependent libraries
configure:5588: result: pass_all
configure:5673: checking for dlltool
configure:5703: result: no
configure:5733: checking how to associate runtime and link libraries
configure:5760: result: printf %s\n
configure:5884: checking for archiver @FILE support
configure:5901: gcc -c -g -O2  conftest.c >&5
configure:5901: $? = 0
configure:5904: ar cru libconftest.a @conftest.lst >&5
configure:5907: $? = 0
configure:5912: ar cru libconftest.a @conftest.lst >&5
ar: conftest.o: No such file or directory
configure:5915: $? = 1
configure:5927: result: @
configure:5985: checking for strip
configure:6001: found /usr/bin/strip
configure:6012: result: strip
configure:6084: checking for ranlib
configure:6100: found /usr/bin/ranlib
configure:6111: result: ranlib
configure:6213: checking command to parse /usr/bin/nm -B output from gcc object
configure:6333: gcc -c -g -O2  conftest.c >&5
configure:6336: $? = 0
configure:6340: /usr/bin/nm -B conftest.o \| sed -n -e 's/^.*[ ]\([ABCDGIRSTW][ABCDGIRSTW]*\)[ ][ ]*\([_A-Za-z][_A-Za-z0-9]*\)$/\1 \2 \2/p' | sed '/ __gnu_lto/d' \> conftest.nm
configure:6343: $? = 0
configure:6409: gcc -o conftest -g -O2   conftest.c conftstm.o >&5
configure:6412: $? = 0
configure:6450: result: ok
configure:6487: checking for sysroot
configure:6517: result: no
configure:6594: gcc -c -g -O2  conftest.c >&5
configure:6597: $? = 0
configure:6786: checking for mt
configure:6802: found /bin/mt
configure:6813: result: mt
configure:6836: checking if mt is a manifest tool
configure:6842: mt '-?'
configure:6850: result: no
configure:7492: checking how to run the C preprocessor
configure:7523: gcc -E  conftest.c
configure:7523: $? = 0
configure:7537: gcc -E  conftest.c
conftest.c:11:28: fatal error: ac_nonexistent.h: No such file or directory
 #include <ac_nonexistent.h>
                            ^
compilation terminated.
configure:7537: $? = 1
configure: failed program was:
| /* confdefs.h */
| #define PACKAGE_NAME "hidapi"
| #define PACKAGE_TARNAME "hidapi"
| #define PACKAGE_VERSION "0.8.0-rc1"
| #define PACKAGE_STRING "hidapi 0.8.0-rc1"
| #define PACKAGE_BUGREPORT "alan@signal11.us"
| #define PACKAGE_URL ""
| #define PACKAGE "hidapi"
| #define VERSION "0.8.0-rc1"
| /* end confdefs.h.  */
| #include <ac_nonexistent.h>
configure:7562: result: gcc -E
configure:7582: gcc -E  conftest.c
configure:7582: $? = 0
configure:7596: gcc -E  conftest.c
conftest.c:11:28: fatal error: ac_nonexistent.h: No such file or directory
 #include <ac_nonexistent.h>
                            ^
compilation terminated.
configure:7596: $? = 1
configure: failed program was:
| /* confdefs.h */
| #define PACKAGE_NAME "hidapi"
| #define PACKAGE_TARNAME "hidapi"
| #define PACKAGE_VERSION "0.8.0-rc1"
| #define PACKAGE_STRING "hidapi 0.8.0-rc1"
| #define PACKAGE_BUGREPORT "alan@signal11.us"
| #define PACKAGE_URL ""
| #define PACKAGE "hidapi"
| #define VERSION "0.8.0-rc1"
| /* end confdefs.h.  */
| #include <ac_nonexistent.h>
configure:7625: checking for ANSI C header files
configure:7645: gcc -c -g -O2  conftest.c >&5
configure:7645: $? = 0
configure:7718: gcc -o conftest -g -O2   conftest.c  >&5
configure:7718: $? = 0
configure:7718: ./conftest
configure:7718: $? = 0
configure:7729: result: yes
configure:7742: checking for sys/types.h
configure:7742: gcc -c -g -O2  conftest.c >&5
configure:7742: $? = 0
configure:7742: result: yes
configure:7742: checking for sys/stat.h
configure:7742: gcc -c -g -O2  conftest.c >&5
configure:7742: $? = 0
configure:7742: result: yes
configure:7742: checking for stdlib.h
configure:7742: gcc -c -g -O2  conftest.c >&5
configure:7742: $? = 0
configure:7742: result: yes
configure:7742: checking for string.h
configure:7742: gcc -c -g -O2  conftest.c >&5
configure:7742: $? = 0
configure:7742: result: yes
configure:7742: checking for memory.h
configure:7742: gcc -c -g -O2  conftest.c >&5
configure:7742: $? = 0
configure:7742: result: yes
configure:7742: checking for strings.h
configure:7742: gcc -c -g -O2  conftest.c >&5
configure:7742: $? = 0
configure:7742: result: yes
configure:7742: checking for inttypes.h
configure:7742: gcc -c -g -O2  conftest.c >&5
configure:7742: $? = 0
configure:7742: result: yes
configure:7742: checking for stdint.h
configure:7742: gcc -c -g -O2  conftest.c >&5
configure:7742: $? = 0
configure:7742: result: yes
configure:7742: checking for unistd.h
configure:7742: gcc -c -g -O2  conftest.c >&5
configure:7742: $? = 0
configure:7742: result: yes
configure:7756: checking for dlfcn.h
configure:7756: gcc -c -g -O2  conftest.c >&5
configure:7756: $? = 0
configure:7756: result: yes
configure:7962: checking for objdir
configure:7977: result: .libs
configure:8248: checking if gcc supports -fno-rtti -fno-exceptions
configure:8266: gcc -c -g -O2  -fno-rtti -fno-exceptions conftest.c >&5
cc1: warning: command line option '-fno-rtti' is valid for C++/ObjC++ but not for C
configure:8270: $? = 0
configure:8283: result: no
configure:8610: checking for gcc option to produce PIC
configure:8617: result: -fPIC -DPIC
configure:8625: checking if gcc PIC flag -fPIC -DPIC works
configure:8643: gcc -c -g -O2  -fPIC -DPIC -DPIC conftest.c >&5
configure:8647: $? = 0
configure:8660: result: yes
configure:8689: checking if gcc static flag -static works
configure:8717: result: yes
configure:8732: checking if gcc supports -c -o file.o
configure:8753: gcc -c -g -O2  -o out/conftest2.o conftest.c >&5
configure:8757: $? = 0
configure:8779: result: yes
configure:8787: checking if gcc supports -c -o file.o
configure:8834: result: yes
configure:8867: checking whether the gcc linker (/usr/bin/ld -m elf_x86_64) supports shared libraries
configure:10024: result: yes
configure:10061: checking whether -lc should be explicitly linked in
configure:10069: gcc -c -g -O2  conftest.c >&5
configure:10072: $? = 0
configure:10087: gcc -shared  -fPIC -DPIC conftest.o  -v -Wl,-soname -Wl,conftest -o conftest 2\>\&1 \| /bin/grep  -lc  \>/dev/null 2\>\&1
configure:10090: $? = 0
configure:10104: result: no
configure:10264: checking dynamic linker characteristics
configure:10764: gcc -o conftest -g -O2   -Wl,-rpath -Wl,/foo conftest.c  >&5
configure:10764: $? = 0
configure:10998: result: GNU/Linux ld.so
configure:11105: checking how to hardcode library paths into programs
configure:11130: result: immediate
configure:11670: checking whether stripping libraries is possible
configure:11675: result: yes
configure:11710: checking if libtool supports shared libraries
configure:11712: result: yes
configure:11715: checking whether to build shared libraries
configure:11736: result: yes
configure:11739: checking whether to build static libraries
configure:11743: result: yes
configure:11829: checking for gcc
configure:11856: result: gcc
configure:12085: checking for C compiler version
configure:12094: gcc --version >&5
gcc (Ubuntu 4.9.1-16ubuntu6) 4.9.1
Copyright (C) 2014 Free Software Foundation, Inc.
This is free software; see the source for copying conditions.  There is NO
warranty; not even for MERCHANTABILITY or FITNESS FOR A PARTICULAR PURPOSE.

configure:12105: $? = 0
configure:12094: gcc -v >&5
Using built-in specs.
COLLECT_GCC=gcc
COLLECT_LTO_WRAPPER=/usr/lib/gcc/x86_64-linux-gnu/4.9/lto-wrapper
Target: x86_64-linux-gnu
Configured with: ../src/configure -v --with-pkgversion='Ubuntu 4.9.1-16ubuntu6' --with-bugurl=file:///usr/share/doc/gcc-4.9/README.Bugs --enable-languages=c,c++,java,go,d,fortran,objc,obj-c++ --prefix=/usr --program-suffix=-4.9 --enable-shared --enable-linker-build-id --libexecdir=/usr/lib --without-included-gettext --enable-threads=posix --with-gxx-include-dir=/usr/include/c++/4.9 --libdir=/usr/lib --enable-nls --with-sysroot=/ --enable-clocale=gnu --enable-libstdcxx-debug --enable-libstdcxx-time=yes --enable-gnu-unique-object --disable-vtable-verify --enable-plugin --with-system-zlib --disable-browser-plugin --enable-java-awt=gtk --enable-gtk-cairo --with-java-home=/usr/lib/jvm/java-1.5.0-gcj-4.9-amd64/jre --enable-java-home --with-jvm-root-dir=/usr/lib/jvm/java-1.5.0-gcj-4.9-amd64 --with-jvm-jar-dir=/usr/lib/jvm-exports/java-1.5.0-gcj-4.9-amd64 --with-arch-directory=amd64 --with-ecj-jar=/usr/share/java/eclipse-ecj.jar --enable-objc-gc --enable-multiarch --disable-werror --with-arch-32=i686 --with-abi=m64 --with-multilib-list=m32,m64,mx32 --enable-multilib --with-tune=generic --enable-checking=release --build=x86_64-linux-gnu --host=x86_64-linux-gnu --target=x86_64-linux-gnu
Thread model: posix
gcc version 4.9.1 (Ubuntu 4.9.1-16ubuntu6) 
configure:12105: $? = 0
configure:12094: gcc -V >&5
gcc: error: unrecognized command line option '-V'
gcc: fatal error: no input files
compilation terminated.
configure:12105: $? = 4
configure:12094: gcc -qversion >&5
gcc: error: unrecognized command line option '-qversion'
gcc: fatal error: no input files
compilation terminated.
configure:12105: $? = 4
configure:12109: checking whether we are using the GNU C compiler
configure:12137: result: yes
configure:12146: checking whether gcc accepts -g
configure:12207: result: yes
configure:12224: checking for gcc option to accept ISO C89
configure:12300: result: none needed
configure:12325: checking whether gcc understands -c and -o together
configure:12362: result: yes
configure:12381: checking dependency style of gcc
configure:12492: result: gcc3
configure:12565: checking for g++
configure:12581: found /usr/bin/g++
configure:12592: result: g++
configure:12619: checking for C++ compiler version
configure:12628: g++ --version >&5
g++ (Ubuntu 4.9.1-16ubuntu6) 4.9.1
Copyright (C) 2014 Free Software Foundation, Inc.
This is free software; see the source for copying conditions.  There is NO
warranty; not even for MERCHANTABILITY or FITNESS FOR A PARTICULAR PURPOSE.

configure:12639: $? = 0
configure:12628: g++ -v >&5
Using built-in specs.
COLLECT_GCC=g++
COLLECT_LTO_WRAPPER=/usr/lib/gcc/x86_64-linux-gnu/4.9/lto-wrapper
Target: x86_64-linux-gnu
Configured with: ../src/configure -v --with-pkgversion='Ubuntu 4.9.1-16ubuntu6' --with-bugurl=file:///usr/share/doc/gcc-4.9/README.Bugs --enable-languages=c,c++,java,go,d,fortran,objc,obj-c++ --prefix=/usr --program-suffix=-4.9 --enable-shared --enable-linker-build-id --libexecdir=/usr/lib --without-included-gettext --enable-threads=posix --with-gxx-include-dir=/usr/include/c++/4.9 --libdir=/usr/lib --enable-nls --with-sysroot=/ --enable-clocale=gnu --enable-libstdcxx-debug --enable-libstdcxx-time=yes --enable-gnu-unique-object --disable-vtable-verify --enable-plugin --with-system-zlib --disable-browser-plugin --enable-java-awt=gtk --enable-gtk-cairo --with-java-home=/usr/lib/jvm/java-1.5.0-gcj-4.9-amd64/jre --enable-java-home --with-jvm-root-dir=/usr/lib/jvm/java-1.5.0-gcj-4.9-amd64 --with-jvm-jar-dir=/usr/lib/jvm-exports/java-1.5.0-gcj-4.9-amd64 --with-arch-directory=amd64 --with-ecj-jar=/usr/share/java/eclipse-ecj.jar --enable-objc-gc --enable-multiarch --disable-werror --with-arch-32=i686 --with-abi=m64 --with-multilib-list=m32,m64,mx32 --enable-multilib --with-tune=generic --enable-checking=release --build=x86_64-linux-gnu --host=x86_64-linux-gnu --target=x86_64-linux-gnu
Thread model: posix
gcc version 4.9.1 (Ubuntu 4.9.1-16ubuntu6) 
configure:12639: $? = 0
configure:12628: g++ -V >&5
g++: error: unrecognized command line option '-V'
g++: fatal error: no input files
compilation terminated.
configure:12639: $? = 4
configure:12628: g++ -qversion >&5
g++: error: unrecognized command line option '-qversion'
g++: fatal error: no input files
compilation terminated.
configure:12639: $? = 4
configure:12643: checking whether we are using the GNU C++ compiler
configure:12662: g++ -c   conftest.cpp >&5
configure:12662: $? = 0
configure:12671: result: yes
configure:12680: checking whether g++ accepts -g
configure:12700: g++ -c -g  conftest.cpp >&5
configure:12700: $? = 0
configure:12741: result: yes
configure:12766: checking dependency style of g++
configure:12877: result: gcc3
configure:12910: checking how to run the C++ preprocessor
configure:12937: g++ -E  conftest.cpp
configure:12937: $? = 0
configure:12951: g++ -E  conftest.cpp
conftest.cpp:23:28: fatal error: ac_nonexistent.h: No such file or directory
 #include <ac_nonexistent.h>
                            ^
compilation terminated.
configure:12951: $? = 1
configure: failed program was:
| /* confdefs.h */
| #define PACKAGE_NAME "hidapi"
| #define PACKAGE_TARNAME "hidapi"
| #define PACKAGE_VERSION "0.8.0-rc1"
| #define PACKAGE_STRING "hidapi 0.8.0-rc1"
| #define PACKAGE_BUGREPORT "alan@signal11.us"
| #define PACKAGE_URL ""
| #define PACKAGE "hidapi"
| #define VERSION "0.8.0-rc1"
| #define STDC_HEADERS 1
| #define HAVE_SYS_TYPES_H 1
| #define HAVE_SYS_STAT_H 1
| #define HAVE_STDLIB_H 1
| #define HAVE_STRING_H 1
| #define HAVE_MEMORY_H 1
| #define HAVE_STRINGS_H 1
| #define HAVE_INTTYPES_H 1
| #define HAVE_STDINT_H 1
| #define HAVE_UNISTD_H 1
| #define HAVE_DLFCN_H 1
| #define LT_OBJDIR ".libs/"
| /* end confdefs.h.  */
| #include <ac_nonexistent.h>
configure:12976: result: g++ -E
configure:12996: g++ -E  conftest.cpp
configure:12996: $? = 0
configure:13010: g++ -E  conftest.cpp
conftest.cpp:23:28: fatal error: ac_nonexistent.h: No such file or directory
 #include <ac_nonexistent.h>
                            ^
compilation terminated.
configure:13010: $? = 1
configure: failed program was:
| /* confdefs.h */
| #define PACKAGE_NAME "hidapi"
| #define PACKAGE_TARNAME "hidapi"
| #define PACKAGE_VERSION "0.8.0-rc1"
| #define PACKAGE_STRING "hidapi 0.8.0-rc1"
| #define PACKAGE_BUGREPORT "alan@signal11.us"
| #define PACKAGE_URL ""
| #define PACKAGE "hidapi"
| #define VERSION "0.8.0-rc1"
| #define STDC_HEADERS 1
| #define HAVE_SYS_TYPES_H 1
| #define HAVE_SYS_STAT_H 1
| #define HAVE_STDLIB_H 1
| #define HAVE_STRING_H 1
| #define HAVE_MEMORY_H 1
| #define HAVE_STRINGS_H 1
| #define HAVE_INTTYPES_H 1
| #define HAVE_STDINT_H 1
| #define HAVE_UNISTD_H 1
| #define HAVE_DLFCN_H 1
| #define LT_OBJDIR ".libs/"
| /* end confdefs.h.  */
| #include <ac_nonexistent.h>
configure:13179: checking for ld used by g++
configure:13246: result: /usr/bin/ld -m elf_x86_64
configure:13253: checking if the linker (/usr/bin/ld -m elf_x86_64) is GNU ld
configure:13268: result: yes
configure:13323: checking whether the g++ linker (/usr/bin/ld -m elf_x86_64) supports shared libraries
configure:14325: result: yes
configure:14361: g++ -c -g -O2  conftest.cpp >&5
configure:14364: $? = 0
configure:14884: checking for g++ option to produce PIC
configure:14891: result: -fPIC -DPIC
configure:14899: checking if g++ PIC flag -fPIC -DPIC works
configure:14917: g++ -c -g -O2  -fPIC -DPIC -DPIC conftest.cpp >&5
configure:14921: $? = 0
configure:14934: result: yes
configure:14957: checking if g++ static flag -static works
configure:14985: result: yes
configure:14997: checking if g++ supports -c -o file.o
configure:15018: g++ -c -g -O2  -o out/conftest2.o conftest.cpp >&5
configure:15022: $? = 0
configure:15044: result: yes
configure:15049: checking if g++ supports -c -o file.o
configure:15096: result: yes
configure:15126: checking whether the g++ linker (/usr/bin/ld -m elf_x86_64) supports shared libraries
configure:15165: result: yes
configure:15306: checking dynamic linker characteristics
configure:15974: result: GNU/Linux ld.so
configure:16027: checking how to hardcode library paths into programs
configure:16052: result: immediate
configure:16146: checking for gcc
configure:16162: found /usr/bin/gcc
configure:16173: result: gcc
configure:16198: checking for Objective C compiler version
configure:16207: gcc --version >&5
gcc (Ubuntu 4.9.1-16ubuntu6) 4.9.1
Copyright (C) 2014 Free Software Foundation, Inc.
This is free software; see the source for copying conditions.  There is NO
warranty; not even for MERCHANTABILITY or FITNESS FOR A PARTICULAR PURPOSE.

configure:16218: $? = 0
configure:16207: gcc -v >&5
Using built-in specs.
COLLECT_GCC=gcc
COLLECT_LTO_WRAPPER=/usr/lib/gcc/x86_64-linux-gnu/4.9/lto-wrapper
Target: x86_64-linux-gnu
Configured with: ../src/configure -v --with-pkgversion='Ubuntu 4.9.1-16ubuntu6' --with-bugurl=file:///usr/share/doc/gcc-4.9/README.Bugs --enable-languages=c,c++,java,go,d,fortran,objc,obj-c++ --prefix=/usr --program-suffix=-4.9 --enable-shared --enable-linker-build-id --libexecdir=/usr/lib --without-included-gettext --enable-threads=posix --with-gxx-include-dir=/usr/include/c++/4.9 --libdir=/usr/lib --enable-nls --with-sysroot=/ --enable-clocale=gnu --enable-libstdcxx-debug --enable-libstdcxx-time=yes --enable-gnu-unique-object --disable-vtable-verify --enable-plugin --with-system-zlib --disable-browser-plugin --enable-java-awt=gtk --enable-gtk-cairo --with-java-home=/usr/lib/jvm/java-1.5.0-gcj-4.9-amd64/jre --enable-java-home --with-jvm-root-dir=/usr/lib/jvm/java-1.5.0-gcj-4.9-amd64 --with-jvm-jar-dir=/usr/lib/jvm-exports/java-1.5.0-gcj-4.9-amd64 --with-arch-directory=amd64 --with-ecj-jar=/usr/share/java/eclipse-ecj.jar --enable-objc-gc --enable-multiarch --disable-werror --with-arch-32=i686 --with-abi=m64 --with-multilib-list=m32,m64,mx32 --enable-multilib --with-tune=generic --enable-checking=release --build=x86_64-linux-gnu --host=x86_64-linux-gnu --target=x86_64-linux-gnu
Thread model: posix
gcc version 4.9.1 (Ubuntu 4.9.1-16ubuntu6) 
configure:16218: $? = 0
configure:16207: gcc -V >&5
gcc: error: unrecognized command line option '-V'
gcc: fatal error: no input files
compilation terminated.
configure:16218: $? = 4
configure:16207: gcc -qversion >&5
gcc: error: unrecognized command line option '-qversion'
gcc: fatal error: no input files
compilation terminated.
configure:16218: $? = 4
configure:16222: checking whether we are using the GNU Objective C compiler
configure:16241: gcc -c   conftest.m >&5
gcc: error trying to exec 'cc1obj': execvp: No such file or directory
configure:16241: $? = 1
configure: failed program was:
| /* confdefs.h */
| #define PACKAGE_NAME "hidapi"
| #define PACKAGE_TARNAME "hidapi"
| #define PACKAGE_VERSION "0.8.0-rc1"
| #define PACKAGE_STRING "hidapi 0.8.0-rc1"
| #define PACKAGE_BUGREPORT "alan@signal11.us"
| #define PACKAGE_URL ""
| #define PACKAGE "hidapi"
| #define VERSION "0.8.0-rc1"
| #define STDC_HEADERS 1
| #define HAVE_SYS_TYPES_H 1
| #define HAVE_SYS_STAT_H 1
| #define HAVE_STDLIB_H 1
| #define HAVE_STRING_H 1
| #define HAVE_MEMORY_H 1
| #define HAVE_STRINGS_H 1
| #define HAVE_INTTYPES_H 1
| #define HAVE_STDINT_H 1
| #define HAVE_UNISTD_H 1
| #define HAVE_DLFCN_H 1
| #define LT_OBJDIR ".libs/"
| /* end confdefs.h.  */
| 
| int
| main ()
| {
| #ifndef __GNUC__
|        choke me
| #endif
| 
|   ;
|   return 0;
| }
configure:16250: result: no
configure:16259: checking whether gcc accepts -g
configure:16279: gcc -c -g  conftest.m >&5
gcc: error trying to exec 'cc1obj': execvp: No such file or directory
configure:16279: $? = 1
configure: failed program was:
| /* confdefs.h */
| #define PACKAGE_NAME "hidapi"
| #define PACKAGE_TARNAME "hidapi"
| #define PACKAGE_VERSION "0.8.0-rc1"
| #define PACKAGE_STRING "hidapi 0.8.0-rc1"
| #define PACKAGE_BUGREPORT "alan@signal11.us"
| #define PACKAGE_URL ""
| #define PACKAGE "hidapi"
| #define VERSION "0.8.0-rc1"
| #define STDC_HEADERS 1
| #define HAVE_SYS_TYPES_H 1
| #define HAVE_SYS_STAT_H 1
| #define HAVE_STDLIB_H 1
| #define HAVE_STRING_H 1
| #define HAVE_MEMORY_H 1
| #define HAVE_STRINGS_H 1
| #define HAVE_INTTYPES_H 1
| #define HAVE_STDINT_H 1
| #define HAVE_UNISTD_H 1
| #define HAVE_DLFCN_H 1
| #define LT_OBJDIR ".libs/"
| /* end confdefs.h.  */
| 
| int
| main ()
| {
| 
|   ;
|   return 0;
| }
configure:16294: gcc -c   conftest.m >&5
gcc: error trying to exec 'cc1obj': execvp: No such file or directory
configure:16294: $? = 1
configure: failed program was:
| /* confdefs.h */
| #define PACKAGE_NAME "hidapi"
| #define PACKAGE_TARNAME "hidapi"
| #define PACKAGE_VERSION "0.8.0-rc1"
| #define PACKAGE_STRING "hidapi 0.8.0-rc1"
| #define PACKAGE_BUGREPORT "alan@signal11.us"
| #define PACKAGE_URL ""
| #define PACKAGE "hidapi"
| #define VERSION "0.8.0-rc1"
| #define STDC_HEADERS 1
| #define HAVE_SYS_TYPES_H 1
| #define HAVE_SYS_STAT_H 1
| #define HAVE_STDLIB_H 1
| #define HAVE_STRING_H 1
| #define HAVE_MEMORY_H 1
| #define HAVE_STRINGS_H 1
| #define HAVE_INTTYPES_H 1
| #define HAVE_STDINT_H 1
| #define HAVE_UNISTD_H 1
| #define HAVE_DLFCN_H 1
| #define LT_OBJDIR ".libs/"
| /* end confdefs.h.  */
| 
| int
| main ()
| {
| 
|   ;
|   return 0;
| }
configure:16310: gcc -c -g  conftest.m >&5
gcc: error trying to exec 'cc1obj': execvp: No such file or directory
configure:16310: $? = 1
configure: failed program was:
| /* confdefs.h */
| #define PACKAGE_NAME "hidapi"
| #define PACKAGE_TARNAME "hidapi"
| #define PACKAGE_VERSION "0.8.0-rc1"
| #define PACKAGE_STRING "hidapi 0.8.0-rc1"
| #define PACKAGE_BUGREPORT "alan@signal11.us"
| #define PACKAGE_URL ""
| #define PACKAGE "hidapi"
| #define VERSION "0.8.0-rc1"
| #define STDC_HEADERS 1
| #define HAVE_SYS_TYPES_H 1
| #define HAVE_SYS_STAT_H 1
| #define HAVE_STDLIB_H 1
| #define HAVE_STRING_H 1
| #define HAVE_MEMORY_H 1
| #define HAVE_STRINGS_H 1
| #define HAVE_INTTYPES_H 1
| #define HAVE_STDINT_H 1
| #define HAVE_UNISTD_H 1
| #define HAVE_DLFCN_H 1
| #define LT_OBJDIR ".libs/"
| /* end confdefs.h.  */
| 
| int
| main ()
| {
| 
|   ;
|   return 0;
| }
configure:16320: result: no
configure:16345: checking dependency style of gcc
configure:16454: result: gcc3
configure:16518: checking for pkg-config
configure:16536: found /usr/bin/pkg-config
configure:16548: result: /usr/bin/pkg-config
configure:16573: checking pkg-config is at least version 0.9.0
configure:16576: result: yes
configure:16598: checking whether make supports nested variables
configure:16615: result: yes
configure:16644: checking operating system
configure:16646: result: x86_64-unknown-linux-gnu
configure:16650: result:  (Linux back-end)
configure:16663: checking for libudev
configure:16671: $PKG_CONFIG --exists --print-errors "libudev"
configure:16674: $? = 0
configure:16689: $PKG_CONFIG --exists --print-errors "libudev"
configure:16692: $? = 0
configure:16728: result: yes
configure:16736: checking for clock_gettime in -lrt
configure:16761: gcc -o conftest -g -O2   conftest.c -lrt   >&5
configure:16761: $? = 0
configure:16770: result: yes
configure:16780: checking for libusb
configure:16788: $PKG_CONFIG --exists --print-errors "libusb-1.0 >= 1.0.9"
configure:16791: $? = 0
configure:16806: $PKG_CONFIG --exists --print-errors "libusb-1.0 >= 1.0.9"
configure:16809: $? = 0
configure:16845: result: yes
configure:17224: checking for the pthreads library -lpthreads
configure:17262: gcc -o conftest -g -O2    conftest.c -lpthreads  >&5
/usr/bin/ld: cannot find -lpthreads
collect2: error: ld returned 1 exit status
configure:17262: $? = 1
configure: failed program was:
| /* confdefs.h */
| #define PACKAGE_NAME "hidapi"
| #define PACKAGE_TARNAME "hidapi"
| #define PACKAGE_VERSION "0.8.0-rc1"
| #define PACKAGE_STRING "hidapi 0.8.0-rc1"
| #define PACKAGE_BUGREPORT "alan@signal11.us"
| #define PACKAGE_URL ""
| #define PACKAGE "hidapi"
| #define VERSION "0.8.0-rc1"
| #define STDC_HEADERS 1
| #define HAVE_SYS_TYPES_H 1
| #define HAVE_SYS_STAT_H 1
| #define HAVE_STDLIB_H 1
| #define HAVE_STRING_H 1
| #define HAVE_MEMORY_H 1
| #define HAVE_STRINGS_H 1
| #define HAVE_INTTYPES_H 1
| #define HAVE_STDINT_H 1
| #define HAVE_UNISTD_H 1
| #define HAVE_DLFCN_H 1
| #define LT_OBJDIR ".libs/"
| #define OS_LINUX 1
| /* end confdefs.h.  */
| #include <pthread.h>
|                         static void routine(void *a) { a = 0; }
|                         static void *start_routine(void *a) { return a; }
| int
| main ()
| {
| pthread_t th; pthread_attr_t attr;
|                         pthread_create(&th, 0, start_routine, 0);
|                         pthread_join(th, 0);
|                         pthread_attr_init(&attr);
|                         pthread_cleanup_push(routine, 0);
|                         pthread_cleanup_pop(0) /* ; */
|   ;
|   return 0;
| }
configure:17271: result: no
configure:17169: checking whether pthreads work without any flags
configure:17262: gcc -o conftest -g -O2    conftest.c   >&5
/tmp/ccpCtddC.o: In function `main':
/atto/mr3020_2015/chipcap/hidapi_folder/conftest.c:31: undefined reference to `pthread_create'
/atto/mr3020_2015/chipcap/hidapi_folder/conftest.c:32: undefined reference to `pthread_join'
/atto/mr3020_2015/chipcap/hidapi_folder/conftest.c:34: undefined reference to `__pthread_register_cancel'
/atto/mr3020_2015/chipcap/hidapi_folder/conftest.c:35: undefined reference to `__pthread_unregister_cancel'
collect2: error: ld returned 1 exit status
configure:17262: $? = 1
configure: failed program was:
| /* confdefs.h */
| #define PACKAGE_NAME "hidapi"
| #define PACKAGE_TARNAME "hidapi"
| #define PACKAGE_VERSION "0.8.0-rc1"
| #define PACKAGE_STRING "hidapi 0.8.0-rc1"
| #define PACKAGE_BUGREPORT "alan@signal11.us"
| #define PACKAGE_URL ""
| #define PACKAGE "hidapi"
| #define VERSION "0.8.0-rc1"
| #define STDC_HEADERS 1
| #define HAVE_SYS_TYPES_H 1
| #define HAVE_SYS_STAT_H 1
| #define HAVE_STDLIB_H 1
| #define HAVE_STRING_H 1
| #define HAVE_MEMORY_H 1
| #define HAVE_STRINGS_H 1
| #define HAVE_INTTYPES_H 1
| #define HAVE_STDINT_H 1
| #define HAVE_UNISTD_H 1
| #define HAVE_DLFCN_H 1
| #define LT_OBJDIR ".libs/"
| #define OS_LINUX 1
| /* end confdefs.h.  */
| #include <pthread.h>
|                         static void routine(void *a) { a = 0; }
|                         static void *start_routine(void *a) { return a; }
| int
| main ()
| {
| pthread_t th; pthread_attr_t attr;
|                         pthread_create(&th, 0, start_routine, 0);
|                         pthread_join(th, 0);
|                         pthread_attr_init(&attr);
|                         pthread_cleanup_push(routine, 0);
|                         pthread_cleanup_pop(0) /* ; */
|   ;
|   return 0;
| }
configure:17271: result: no
configure:17174: checking whether pthreads work with -Kthread
configure:17262: gcc -o conftest -g -O2 -Kthread   conftest.c   >&5
gcc: error: unrecognized command line option '-Kthread'
configure:17262: $? = 1
configure: failed program was:
| /* confdefs.h */
| #define PACKAGE_NAME "hidapi"
| #define PACKAGE_TARNAME "hidapi"
| #define PACKAGE_VERSION "0.8.0-rc1"
| #define PACKAGE_STRING "hidapi 0.8.0-rc1"
| #define PACKAGE_BUGREPORT "alan@signal11.us"
| #define PACKAGE_URL ""
| #define PACKAGE "hidapi"
| #define VERSION "0.8.0-rc1"
| #define STDC_HEADERS 1
| #define HAVE_SYS_TYPES_H 1
| #define HAVE_SYS_STAT_H 1
| #define HAVE_STDLIB_H 1
| #define HAVE_STRING_H 1
| #define HAVE_MEMORY_H 1
| #define HAVE_STRINGS_H 1
| #define HAVE_INTTYPES_H 1
| #define HAVE_STDINT_H 1
| #define HAVE_UNISTD_H 1
| #define HAVE_DLFCN_H 1
| #define LT_OBJDIR ".libs/"
| #define OS_LINUX 1
| /* end confdefs.h.  */
| #include <pthread.h>
|                         static void routine(void *a) { a = 0; }
|                         static void *start_routine(void *a) { return a; }
| int
| main ()
| {
| pthread_t th; pthread_attr_t attr;
|                         pthread_create(&th, 0, start_routine, 0);
|                         pthread_join(th, 0);
|                         pthread_attr_init(&attr);
|                         pthread_cleanup_push(routine, 0);
|                         pthread_cleanup_pop(0) /* ; */
|   ;
|   return 0;
| }
configure:17271: result: no
configure:17174: checking whether pthreads work with -kthread
configure:17262: gcc -o conftest -g -O2 -kthread   conftest.c   >&5
gcc: error: unrecognized command line option '-kthread'
configure:17262: $? = 1
configure: failed program was:
| /* confdefs.h */
| #define PACKAGE_NAME "hidapi"
| #define PACKAGE_TARNAME "hidapi"
| #define PACKAGE_VERSION "0.8.0-rc1"
| #define PACKAGE_STRING "hidapi 0.8.0-rc1"
| #define PACKAGE_BUGREPORT "alan@signal11.us"
| #define PACKAGE_URL ""
| #define PACKAGE "hidapi"
| #define VERSION "0.8.0-rc1"
| #define STDC_HEADERS 1
| #define HAVE_SYS_TYPES_H 1
| #define HAVE_SYS_STAT_H 1
| #define HAVE_STDLIB_H 1
| #define HAVE_STRING_H 1
| #define HAVE_MEMORY_H 1
| #define HAVE_STRINGS_H 1
| #define HAVE_INTTYPES_H 1
| #define HAVE_STDINT_H 1
| #define HAVE_UNISTD_H 1
| #define HAVE_DLFCN_H 1
| #define LT_OBJDIR ".libs/"
| #define OS_LINUX 1
| /* end confdefs.h.  */
| #include <pthread.h>
|                         static void routine(void *a) { a = 0; }
|                         static void *start_routine(void *a) { return a; }
| int
| main ()
| {
| pthread_t th; pthread_attr_t attr;
|                         pthread_create(&th, 0, start_routine, 0);
|                         pthread_join(th, 0);
|                         pthread_attr_init(&attr);
|                         pthread_cleanup_push(routine, 0);
|                         pthread_cleanup_pop(0) /* ; */
|   ;
|   return 0;
| }
configure:17271: result: no
configure:17224: checking for the pthreads library -llthread
configure:17262: gcc -o conftest -g -O2    conftest.c -llthread  >&5
/usr/bin/ld: cannot find -llthread
collect2: error: ld returned 1 exit status
configure:17262: $? = 1
configure: failed program was:
| /* confdefs.h */
| #define PACKAGE_NAME "hidapi"
| #define PACKAGE_TARNAME "hidapi"
| #define PACKAGE_VERSION "0.8.0-rc1"
| #define PACKAGE_STRING "hidapi 0.8.0-rc1"
| #define PACKAGE_BUGREPORT "alan@signal11.us"
| #define PACKAGE_URL ""
| #define PACKAGE "hidapi"
| #define VERSION "0.8.0-rc1"
| #define STDC_HEADERS 1
| #define HAVE_SYS_TYPES_H 1
| #define HAVE_SYS_STAT_H 1
| #define HAVE_STDLIB_H 1
| #define HAVE_STRING_H 1
| #define HAVE_MEMORY_H 1
| #define HAVE_STRINGS_H 1
| #define HAVE_INTTYPES_H 1
| #define HAVE_STDINT_H 1
| #define HAVE_UNISTD_H 1
| #define HAVE_DLFCN_H 1
| #define LT_OBJDIR ".libs/"
| #define OS_LINUX 1
| /* end confdefs.h.  */
| #include <pthread.h>
|                         static void routine(void *a) { a = 0; }
|                         static void *start_routine(void *a) { return a; }
| int
| main ()
| {
| pthread_t th; pthread_attr_t attr;
|                         pthread_create(&th, 0, start_routine, 0);
|                         pthread_join(th, 0);
|                         pthread_attr_init(&attr);
|                         pthread_cleanup_push(routine, 0);
|                         pthread_cleanup_pop(0) /* ; */
|   ;
|   return 0;
| }
configure:17271: result: no
configure:17174: checking whether pthreads work with -pthread
configure:17262: gcc -o conftest -g -O2 -pthread   conftest.c   >&5
configure:17262: $? = 0
configure:17271: result: yes
configure:17290: checking for joinable pthread attribute
configure:17305: gcc -o conftest -g -O2 -pthread   conftest.c   >&5
configure:17305: $? = 0
configure:17311: result: PTHREAD_CREATE_JOINABLE
configure:17321: checking if more special flags are required for pthreads
configure:17335: result: no
configure:17341: checking for PTHREAD_PRIO_INHERIT
configure:17359: gcc -o conftest -g -O2 -pthread   conftest.c   >&5
configure:17359: $? = 0
configure:17368: result: yes
configure:17979: checking that generated files are newer than configure
configure:17985: result: done
configure:18044: creating ./config.status

## ---------------------- ##
## Running config.status. ##
## ---------------------- ##

This file was extended by hidapi config.status 0.8.0-rc1, which was
generated by GNU Autoconf 2.69.  Invocation command line was

  CONFIG_FILES    = 
  CONFIG_HEADERS  = 
  CONFIG_LINKS    = 
  CONFIG_COMMANDS = 
  $ ./config.status 

on ideapad

config.status:1197: creating pc/hidapi-hidraw.pc
config.status:1197: creating pc/hidapi-libusb.pc
config.status:1197: creating Makefile
config.status:1197: creating hidtest/Makefile
config.status:1197: creating libusb/Makefile
config.status:1197: creating linux/Makefile
config.status:1197: creating mac/Makefile
config.status:1197: creating testgui/Makefile
config.status:1197: creating windows/Makefile
config.status:1197: creating config.h
config.status:1378: config.h is unchanged
config.status:1426: executing depfiles commands
config.status:1426: executing libtool commands

## ---------------- ##
## Cache variables. ##
## ---------------- ##

ac_cv_build=x86_64-unknown-linux-gnu
ac_cv_c_compiler_gnu=yes
ac_cv_cxx_compiler_gnu=yes
ac_cv_env_CCC_set=
ac_cv_env_CCC_value=
ac_cv_env_CC_set=
ac_cv_env_CC_value=
ac_cv_env_CFLAGS_set=
ac_cv_env_CFLAGS_value=
ac_cv_env_CPPFLAGS_set=
ac_cv_env_CPPFLAGS_value=
ac_cv_env_CPP_set=
ac_cv_env_CPP_value=
ac_cv_env_CXXCPP_set=
ac_cv_env_CXXCPP_value=
ac_cv_env_CXXFLAGS_set=
ac_cv_env_CXXFLAGS_value=
ac_cv_env_CXX_set=
ac_cv_env_CXX_value=
ac_cv_env_LDFLAGS_set=
ac_cv_env_LDFLAGS_value=
ac_cv_env_LIBS_set=
ac_cv_env_LIBS_value=
ac_cv_env_OBJCFLAGS_set=
ac_cv_env_OBJCFLAGS_value=
ac_cv_env_OBJC_set=
ac_cv_env_OBJC_value=
ac_cv_env_PKG_CONFIG_set=
ac_cv_env_PKG_CONFIG_value=
ac_cv_env_build_alias_set=
ac_cv_env_build_alias_value=
ac_cv_env_fox_CFLAGS_set=
ac_cv_env_fox_CFLAGS_value=
ac_cv_env_fox_LIBS_set=
ac_cv_env_fox_LIBS_value=
ac_cv_env_host_alias_set=
ac_cv_env_host_alias_value=
ac_cv_env_libudev_CFLAGS_set=
ac_cv_env_libudev_CFLAGS_value=
ac_cv_env_libudev_LIBS_set=
ac_cv_env_libudev_LIBS_value=
ac_cv_env_libusb_CFLAGS_set=
ac_cv_env_libusb_CFLAGS_value=
ac_cv_env_libusb_LIBS_set=
ac_cv_env_libusb_LIBS_value=
ac_cv_env_target_alias_set=
ac_cv_env_target_alias_value=
ac_cv_header_dlfcn_h=yes
ac_cv_header_inttypes_h=yes
ac_cv_header_memory_h=yes
ac_cv_header_stdc=yes
ac_cv_header_stdint_h=yes
ac_cv_header_stdlib_h=yes
ac_cv_header_string_h=yes
ac_cv_header_strings_h=yes
ac_cv_header_sys_stat_h=yes
ac_cv_header_sys_types_h=yes
ac_cv_header_unistd_h=yes
ac_cv_host=x86_64-unknown-linux-gnu
ac_cv_lib_rt_clock_gettime=yes
ac_cv_objc_compiler_gnu=no
ac_cv_objext=o
ac_cv_path_EGREP='/bin/grep -E'
ac_cv_path_FGREP='/bin/grep -F'
ac_cv_path_GREP=/bin/grep
ac_cv_path_SED=/bin/sed
ac_cv_path_ac_pt_PKG_CONFIG=/usr/bin/pkg-config
ac_cv_path_install='/usr/bin/install -c'
ac_cv_path_mkdir=/bin/mkdir
ac_cv_prog_AWK=gawk
ac_cv_prog_CPP='gcc -E'
ac_cv_prog_CXXCPP='g++ -E'
ac_cv_prog_ac_ct_AR=ar
ac_cv_prog_ac_ct_CC=gcc
ac_cv_prog_ac_ct_CXX=g++
ac_cv_prog_ac_ct_MANIFEST_TOOL=mt
ac_cv_prog_ac_ct_OBJC=gcc
ac_cv_prog_ac_ct_OBJDUMP=objdump
ac_cv_prog_ac_ct_RANLIB=ranlib
ac_cv_prog_ac_ct_STRIP=strip
ac_cv_prog_cc_c89=
ac_cv_prog_cc_g=yes
ac_cv_prog_cxx_g=yes
ac_cv_prog_make_make_set=yes
ac_cv_prog_objc_g=no
am_cv_CC_dependencies_compiler_type=gcc3
am_cv_CXX_dependencies_compiler_type=gcc3
am_cv_OBJC_dependencies_compiler_type=gcc3
am_cv_ar_interface=ar
am_cv_make_support_nested_variables=yes
am_cv_prog_cc_c_o=yes
ax_cv_PTHREAD_PRIO_INHERIT=yes
lt_cv_ar_at_file=@
lt_cv_archive_cmds_need_lc=no
lt_cv_deplibs_check_method=pass_all
lt_cv_file_magic_cmd='$MAGIC_CMD'
lt_cv_file_magic_test_file=
lt_cv_ld_reload_flag=-r
lt_cv_nm_interface='BSD nm'
lt_cv_objdir=.libs
lt_cv_path_LD=/usr/bin/ld
lt_cv_path_LDCXX='/usr/bin/ld -m elf_x86_64'
lt_cv_path_NM='/usr/bin/nm -B'
lt_cv_path_mainfest_tool=no
lt_cv_prog_compiler_c_o=yes
lt_cv_prog_compiler_c_o_CXX=yes
lt_cv_prog_compiler_pic='-fPIC -DPIC'
lt_cv_prog_compiler_pic_CXX='-fPIC -DPIC'
lt_cv_prog_compiler_pic_works=yes
lt_cv_prog_compiler_pic_works_CXX=yes
lt_cv_prog_compiler_rtti_exceptions=no
lt_cv_prog_compiler_static_works=yes
lt_cv_prog_compiler_static_works_CXX=yes
lt_cv_prog_gnu_ld=yes
lt_cv_prog_gnu_ldcxx=yes
lt_cv_sharedlib_from_linklib_cmd='printf %s\n'
lt_cv_shlibpath_overrides_runpath=no
lt_cv_sys_global_symbol_pipe='sed -n -e '\''s/^.*[	 ]\([ABCDGIRSTW][ABCDGIRSTW]*\)[	 ][	 ]*\([_A-Za-z][_A-Za-z0-9]*\)$/\1 \2 \2/p'\'' | sed '\''/ __gnu_lto/d'\'''
lt_cv_sys_global_symbol_to_c_name_address='sed -n -e '\''s/^: \([^ ]*\)[ ]*$/  {\"\1\", (void *) 0},/p'\'' -e '\''s/^[ABCDGIRSTW]* \([^ ]*\) \([^ ]*\)$/  {"\2", (void *) \&\2},/p'\'''
lt_cv_sys_global_symbol_to_c_name_address_lib_prefix='sed -n -e '\''s/^: \([^ ]*\)[ ]*$/  {\"\1\", (void *) 0},/p'\'' -e '\''s/^[ABCDGIRSTW]* \([^ ]*\) \(lib[^ ]*\)$/  {"\2", (void *) \&\2},/p'\'' -e '\''s/^[ABCDGIRSTW]* \([^ ]*\) \([^ ]*\)$/  {"lib\2", (void *) \&\2},/p'\'''
lt_cv_sys_global_symbol_to_cdecl='sed -n -e '\''s/^T .* \(.*\)$/extern int \1();/p'\'' -e '\''s/^[ABCDGIRSTW]* .* \(.*\)$/extern char \1;/p'\'''
lt_cv_sys_max_cmd_len=1572864
lt_cv_to_host_file_cmd=func_convert_file_noop
lt_cv_to_tool_file_cmd=func_convert_file_noop
pkg_cv_libudev_CFLAGS=
pkg_cv_libudev_LIBS='-ludev '
pkg_cv_libusb_CFLAGS='-I/usr/include/libusb-1.0 '
pkg_cv_libusb_LIBS='-lusb-1.0 '

## ----------------- ##
## Output variables. ##
## ----------------- ##

ACLOCAL='${SHELL} /atto/mr3020_2015/chipcap/hidapi_folder/missing aclocal-1.14'
AMDEPBACKSLASH='\'
AMDEP_FALSE='#'
AMDEP_TRUE=''
AMTAR='$${TAR-tar}'
AM_BACKSLASH='\'
AM_DEFAULT_V='$(AM_DEFAULT_VERBOSITY)'
AM_DEFAULT_VERBOSITY='0'
AM_V='$(V)'
AR='ar'
AUTOCONF='${SHELL} /atto/mr3020_2015/chipcap/hidapi_folder/missing autoconf'
AUTOHEADER='${SHELL} /atto/mr3020_2015/chipcap/hidapi_folder/missing autoheader'
AUTOMAKE='${SHELL} /atto/mr3020_2015/chipcap/hidapi_folder/missing automake-1.14'
AWK='gawk'
BUILD_TESTGUI_FALSE=''
BUILD_TESTGUI_TRUE='#'
CC='gcc'
CCDEPMODE='depmode=gcc3'
CFLAGS='-g -O2'
CFLAGS_HIDRAW=' '
CFLAGS_LIBUSB=' -I/usr/include/libusb-1.0  -pthread'
CFLAGS_TESTGUI=''
CPP='gcc -E'
CPPFLAGS=''
CXX='g++'
CXXCPP='g++ -E'
CXXDEPMODE='depmode=gcc3'
CXXFLAGS='-g -O2'
CYGPATH_W='echo'
DEFS='-DHAVE_CONFIG_H'
DEPDIR='.deps'
DLLTOOL='false'
DSYMUTIL=''
DUMPBIN=''
ECHO_C=''
ECHO_N='-n'
ECHO_T=''
EGREP='/bin/grep -E'
EXEEXT=''
FGREP='/bin/grep -F'
GREP='/bin/grep'
INSTALL_DATA='${INSTALL} -m 644'
INSTALL_PROGRAM='${INSTALL}'
INSTALL_SCRIPT='${INSTALL}'
INSTALL_STRIP_PROGRAM='$(install_sh) -c -s'
LD='/usr/bin/ld -m elf_x86_64'
LDFLAGS=''
LIBOBJS=''
LIBS=''
LIBS_HIDRAW='  -ludev '
LIBS_LIBUSB='   -lrt -lusb-1.0 '
LIBS_TESTGUI=''
LIBTOOL='$(SHELL) $(top_builddir)/libtool'
LIPO=''
LN_S='ln -s'
LTLDFLAGS='-version-info 0:0:0'
LTLIBOBJS=''
MAKEINFO='${SHELL} /atto/mr3020_2015/chipcap/hidapi_folder/missing makeinfo'
MANIFEST_TOOL=':'
MKDIR_P='/bin/mkdir -p'
NM='/usr/bin/nm -B'
NMEDIT=''
OBJC='gcc'
OBJCDEPMODE='depmode=gcc3'
OBJCFLAGS=''
OBJDUMP='objdump'
OBJEXT='o'
OS_DARWIN=''
OS_DARWIN_FALSE=''
OS_DARWIN_TRUE='#'
OS_FREEBSD=''
OS_FREEBSD_FALSE=''
OS_FREEBSD_TRUE='#'
OS_KFREEBSD=''
OS_KFREEBSD_FALSE=''
OS_KFREEBSD_TRUE='#'
OS_LINUX=''
OS_LINUX_FALSE='#'
OS_LINUX_TRUE=''
OS_WINDOWS=''
OS_WINDOWS_FALSE=''
OS_WINDOWS_TRUE='#'
OTOOL64=''
OTOOL=''
PACKAGE='hidapi'
PACKAGE_BUGREPORT='alan@signal11.us'
PACKAGE_NAME='hidapi'
PACKAGE_STRING='hidapi 0.8.0-rc1'
PACKAGE_TARNAME='hidapi'
PACKAGE_URL=''
PACKAGE_VERSION='0.8.0-rc1'
PATH_SEPARATOR=':'
PKG_CONFIG='/usr/bin/pkg-config'
PTHREAD_CC='gcc'
PTHREAD_CFLAGS='-pthread'
PTHREAD_LIBS=''
RANLIB='ranlib'
SED='/bin/sed'
SET_MAKE=''
SHELL='/bin/bash'
STRIP='strip'
VERSION='0.8.0-rc1'
ac_ct_AR='ar'
ac_ct_CC='gcc'
ac_ct_CXX='g++'
ac_ct_DUMPBIN=''
ac_ct_OBJC='gcc'
am__EXEEXT_FALSE=''
am__EXEEXT_TRUE='#'
am__fastdepCC_FALSE='#'
am__fastdepCC_TRUE=''
am__fastdepCXX_FALSE='#'
am__fastdepCXX_TRUE=''
am__fastdepOBJC_FALSE='#'
am__fastdepOBJC_TRUE=''
am__include='include'
am__isrc=''
am__leading_dot='.'
am__nodep='_no'
am__quote=''
am__tar='$${TAR-tar} chof - "$$tardir"'
am__untar='$${TAR-tar} xf -'
ax_pthread_config=''
backend='linux'
bindir='${exec_prefix}/bin'
build='x86_64-unknown-linux-gnu'
build_alias=''
build_cpu='x86_64'
build_os='linux-gnu'
build_vendor='unknown'
datadir='${datarootdir}'
datarootdir='${prefix}/share'
docdir='${datarootdir}/doc/${PACKAGE_TARNAME}'
dvidir='${docdir}'
exec_prefix='${prefix}'
fox_CFLAGS=''
fox_LIBS=''
foxconfig=''
host='x86_64-unknown-linux-gnu'
host_alias=''
host_cpu='x86_64'
host_os='linux-gnu'
host_vendor='unknown'
htmldir='${docdir}'
includedir='${prefix}/include'
infodir='${datarootdir}/info'
install_sh='${SHELL} /atto/mr3020_2015/chipcap/hidapi_folder/install-sh'
libdir='${exec_prefix}/lib'
libexecdir='${exec_prefix}/libexec'
libudev_CFLAGS=''
libudev_LIBS='-ludev '
libusb_CFLAGS='-I/usr/include/libusb-1.0 '
libusb_LIBS='-lusb-1.0 '
localedir='${datarootdir}/locale'
localstatedir='${prefix}/var'
mandir='${datarootdir}/man'
mkdir_p='$(MKDIR_P)'
oldincludedir='/usr/include'
pdfdir='${docdir}'
prefix='/usr/local'
program_transform_name='s,x,x,'
psdir='${docdir}'
sbindir='${exec_prefix}/sbin'
sharedstatedir='${prefix}/com'
sysconfdir='${prefix}/etc'
target_alias=''

## ----------- ##
## confdefs.h. ##
## ----------- ##

/* confdefs.h */
#define PACKAGE_NAME "hidapi"
#define PACKAGE_TARNAME "hidapi"
#define PACKAGE_VERSION "0.8.0-rc1"
#define PACKAGE_STRING "hidapi 0.8.0-rc1"
#define PACKAGE_BUGREPORT "alan@signal11.us"
#define PACKAGE_URL ""
#define PACKAGE "hidapi"
#define VERSION "0.8.0-rc1"
#define STDC_HEADERS 1
#define HAVE_SYS_TYPES_H 1
#define HAVE_SYS_STAT_H 1
#define HAVE_STDLIB_H 1
#define HAVE_STRING_H 1
#define HAVE_MEMORY_H 1
#define HAVE_STRINGS_H 1
#define HAVE_INTTYPES_H 1
#define HAVE_STDINT_H 1
#define HAVE_UNISTD_H 1
#define HAVE_DLFCN_H 1
#define LT_OBJDIR ".libs/"
#define OS_LINUX 1
#define HAVE_PTHREAD_PRIO_INHERIT 1

configure: exit 0
